C51 COMPILER V9.60.0.0   FONT                                                              02/03/2020 19:17:35 PAGE 1   


C51 COMPILER V9.60.0.0, COMPILATION OF MODULE FONT
OBJECT MODULE PLACED IN ..\Output\font.obj
COMPILER INVOKED BY: D:\Keil_MDK\Keil_v5\C51\BIN\C51.EXE ..\User\font.c OPTIMIZE(8,SPEED) BROWSE INCDIR(..\User) DEBUG O
                    -BJECTEXTEND PRINT(..\Listing\font.lst) OBJECT(..\Output\font.obj)

line level    source

   1          /******************************************************************************
   2          * Filename: font.c
   3          * Author  : Wu LianWei
   4          ******************************************************************************/
   5          #include"public.h"
   6          
   7          
   8          
   9          
  10          
  11          
  12          /******************************************************************************/
  13          /* ASCII 6x8 点阵                                                             */
  14          /******************************************************************************/
  15          uchar code ASCII_Table_6X8[95][5]={ 
  16          0x00,0x00,0x00,0x00,0x00,//space 
  17          0x00,0x00,0x4f,0x00,0x00,//! 
  18          0x00,0x07,0x00,0x07,0x00,//" 
  19          0x14,0x7f,0x14,0x7f,0x14,//# 
  20          0x24,0x2a,0x7f,0x2a,0x12,//$ 
  21          0x23,0x13,0x08,0x64,0x62,//% 
  22          0x36,0x49,0x55,0x22,0x50,//& 
  23          0x00,0x05,0x07,0x00,0x00,//' 
  24          0x00,0x1c,0x22,0x41,0x00,//( 
  25          0x00,0x41,0x22,0x1c,0x00,//) 
  26          0x14,0x08,0x3e,0x08,0x14,//* 
  27          0x08,0x08,0x3e,0x08,0x08,//+ 
  28          0x00,0x50,0x30,0x00,0x00,//, 
  29          0x08,0x08,0x08,0x08,0x08,//- 
  30          0x00,0x60,0x60,0x00,0x00,//. 
  31          0x20,0x10,0x08,0x04,0x02,/// 
  32          0x3e,0x51,0x49,0x45,0x3e,//0 
  33          0x00,0x42,0x7f,0x40,0x00,//1 
  34          0x42,0x61,0x51,0x49,0x46,//2 
  35          0x21,0x41,0x45,0x4b,0x31,//3 
  36          0x18,0x14,0x12,0x7f,0x10,//4 
  37          0x27,0x45,0x45,0x45,0x39,//5 
  38          0x3c,0x4a,0x49,0x49,0x30,//6 
  39          0x01,0x71,0x09,0x05,0x03,//7 
  40          0x36,0x49,0x49,0x49,0x36,//8 
  41          0x06,0x49,0x49,0x29,0x1e,//9 
  42          0x00,0x36,0x36,0x00,0x00,//: 
  43          0x00,0x56,0x36,0x00,0x00,//; 
  44          0x08,0x14,0x22,0x41,0x00,//< 
  45          0x14,0x14,0x14,0x14,0x14,//= 
  46          0x00,0x41,0x22,0x14,0x08,//> 
  47          0x02,0x01,0x51,0x09,0x06,//? 
  48          0x32,0x49,0x79,0x41,0x3e,//@ 
  49          0x7e,0x11,0x11,0x11,0x7e,//A 
  50          0x7f,0x49,0x49,0x49,0x36,//B 
  51          0x3e,0x41,0x41,0x41,0x22,//C 
  52          0x7f,0x41,0x41,0x22,0x1c,//D 
  53          0x7f,0x49,0x49,0x49,0x41,//E 
  54          0x7f,0x09,0x09,0x09,0x01,//F 
C51 COMPILER V9.60.0.0   FONT                                                              02/03/2020 19:17:35 PAGE 2   

  55          0x3e,0x41,0x49,0x49,0x7a,//G 
  56          0x7f,0x08,0x08,0x08,0x7f,//H 
  57          0x00,0x41,0x7f,0x41,0x00,//I 
  58          0x20,0x40,0x41,0x3f,0x01,//J 
  59          0x7f,0x08,0x14,0x22,0x41,//K 
  60          0x7f,0x40,0x40,0x40,0x40,//L 
  61          0x7f,0x02,0x0c,0x02,0x7f,//M 
  62          0x7f,0x04,0x08,0x10,0x7f,//N 
  63          0x3e,0x41,0x41,0x41,0x3e,//O 
  64          0x7f,0x09,0x09,0x09,0x06,//P 
  65          0x3e,0x41,0x51,0x21,0x5e,//Q 
  66          0x7f,0x09,0x19,0x29,0x46,//R 
  67          0x46,0x49,0x49,0x49,0x31,//S 
  68          0x01,0x01,0x7f,0x01,0x01,//T 
  69          0x3f,0x40,0x40,0x40,0x3f,//U 
  70          0x1f,0x20,0x40,0x20,0x1f,//V 
  71          0x3f,0x40,0x38,0x40,0x3f,//W 
  72          0x63,0x14,0x08,0x14,0x63,//X 
  73          0x07,0x08,0x70,0x08,0x07,//Y 
  74          0x61,0x51,0x49,0x45,0x43,//Z 
  75          0x00,0x7f,0x41,0x41,0x00,//[ 
  76          0x02,0x04,0x08,0x10,0x20,//\  '\\'
  77          0x00,0x41,0x41,0x7f,0x00,//] 
  78          0x04,0x02,0x01,0x02,0x04,//^ 
  79          0x40,0x40,0x40,0x40,0x40,//_ 
  80          0x01,0x02,0x04,0x00,0x00,//` 
  81          0x20,0x54,0x54,0x54,0x78,//a 
  82          0x7f,0x48,0x48,0x48,0x30,//b 
  83          0x38,0x44,0x44,0x44,0x44,//c 
  84          0x30,0x48,0x48,0x48,0x7f,//d 
  85          0x38,0x54,0x54,0x54,0x58,//e 
  86          0x00,0x08,0x7e,0x09,0x02,//f
  87          0x48,0x54,0x54,0x54,0x3c,//g 
  88          0x7f,0x08,0x08,0x08,0x70,//h 
  89          0x00,0x00,0x7a,0x00,0x00,//i 
  90          0x20,0x40,0x40,0x3d,0x00,//j 
  91          0x7f,0x20,0x28,0x44,0x00,//k 
  92          0x00,0x41,0x7f,0x40,0x00,//l 
  93          0x7c,0x04,0x38,0x04,0x7c,//m 
  94          0x7c,0x08,0x04,0x04,0x78,//n 
  95          0x38,0x44,0x44,0x44,0x38,//o 
  96          0x7c,0x14,0x14,0x14,0x08,//p 
  97          0x08,0x14,0x14,0x14,0x7c,//q 
  98          0x7c,0x08,0x04,0x04,0x08,//r 
  99          0x48,0x54,0x54,0x54,0x24,//s 
 100          0x04,0x04,0x3f,0x44,0x24,//t 
 101          0x3c,0x40,0x40,0x40,0x3c,//u 
 102          0x1c,0x20,0x40,0x20,0x1c,//v 
 103          0x3c,0x40,0x30,0x40,0x3c,//w 
 104          0x44,0x28,0x10,0x28,0x44,//x 
 105          0x04,0x48,0x30,0x08,0x04,//y 
 106          0x44,0x64,0x54,0x4c,0x44,//z 
 107          0x08,0x36,0x41,0x41,0x00,//{ 
 108          0x00,0x00,0x77,0x00,0x00,//| 
 109          0x00,0x41,0x41,0x36,0x08,//} 
 110          0x04,0x02,0x02,0x02,0x01 //~ 
 111          };
 112          
 113          
 114          
 115          
 116          
C51 COMPILER V9.60.0.0   FONT                                                              02/03/2020 19:17:35 PAGE 3   

 117          /******************************************************************************/
 118          /* ASCII 8x16 点阵                                                            */
 119          /******************************************************************************/
 120          uchar code ASCII_Table_8X16[190][8]={ 
 121          
 122          {0x00,0x00,0x00,0x00,0x00,0x00,0x00,0x00},
 123          {0x00,0x00,0x00,0x00,0x00,0x00,0x00,0x00},/*" ",32*/
 124          
 125          {0x00,0x00,0x00,0xF8,0x00,0x00,0x00,0x00},
 126          {0x00,0x00,0x00,0x33,0x30,0x00,0x00,0x00},/*"!",33*/
 127          
 128          {0x00,0x10,0x0C,0x06,0x10,0x0C,0x06,0x00},
 129          {0x00,0x00,0x00,0x00,0x00,0x00,0x00,0x00},/*""",34*/
 130          
 131          {0x40,0xC0,0x78,0x40,0xC0,0x78,0x40,0x00},
 132          {0x04,0x3F,0x04,0x04,0x3F,0x04,0x04,0x00},/*"#",35*/
 133          
 134          {0x00,0x70,0x88,0xFC,0x08,0x30,0x00,0x00},
 135          {0x00,0x18,0x20,0xFF,0x21,0x1E,0x00,0x00},/*"$",36*/
 136          
 137          {0xF0,0x08,0xF0,0x00,0xE0,0x18,0x00,0x00},
 138          {0x00,0x21,0x1C,0x03,0x1E,0x21,0x1E,0x00},/*"%",37*/
 139          
 140          {0x00,0xF0,0x08,0x88,0x70,0x00,0x00,0x00},
 141          {0x1E,0x21,0x23,0x24,0x19,0x27,0x21,0x10},/*"&",38*/
 142          
 143          {0x10,0x16,0x0E,0x00,0x00,0x00,0x00,0x00},
 144          {0x00,0x00,0x00,0x00,0x00,0x00,0x00,0x00},/*"'",39*/
 145          
 146          {0x00,0x00,0x00,0xE0,0x18,0x04,0x02,0x00},
 147          {0x00,0x00,0x00,0x07,0x18,0x20,0x40,0x00},/*"(",40*/
 148          
 149          {0x00,0x02,0x04,0x18,0xE0,0x00,0x00,0x00},
 150          {0x00,0x40,0x20,0x18,0x07,0x00,0x00,0x00},/*")",41*/
 151          
 152          {0x40,0x40,0x80,0xF0,0x80,0x40,0x40,0x00},
 153          {0x02,0x02,0x01,0x0F,0x01,0x02,0x02,0x00},/*"*",42*/
 154          
 155          {0x00,0x00,0x00,0xF0,0x00,0x00,0x00,0x00},
 156          {0x01,0x01,0x01,0x1F,0x01,0x01,0x01,0x00},/*"+",43*/
 157          
 158          {0x00,0x00,0x00,0x00,0x00,0x00,0x00,0x00},
 159          {0x80,0xB0,0x70,0x00,0x00,0x00,0x00,0x00},/*",",44*/
 160          
 161          {0x00,0x00,0x00,0x00,0x00,0x00,0x00,0x00},
 162          {0x00,0x01,0x01,0x01,0x01,0x01,0x01,0x01},/*"-",45*/
 163          
 164          {0x00,0x00,0x00,0x00,0x00,0x00,0x00,0x00},
 165          {0x00,0x30,0x30,0x00,0x00,0x00,0x00,0x00},/*".",46*/
 166          
 167          {0x00,0x00,0x00,0x00,0x80,0x60,0x18,0x04},
 168          {0x00,0x60,0x18,0x06,0x01,0x00,0x00,0x00},/*"/",47*/
 169          
 170          {0x00,0xE0,0x10,0x08,0x08,0x10,0xE0,0x00},
 171          {0x00,0x0F,0x10,0x20,0x20,0x10,0x0F,0x00},/*"0",48*/
 172          
 173          {0x00,0x10,0x10,0xF8,0x00,0x00,0x00,0x00},
 174          {0x00,0x20,0x20,0x3F,0x20,0x20,0x00,0x00},/*"1",49*/
 175          
 176          {0x00,0x70,0x08,0x08,0x08,0x88,0x70,0x00},
 177          {0x00,0x30,0x28,0x24,0x22,0x21,0x30,0x00},/*"2",50*/
 178          
C51 COMPILER V9.60.0.0   FONT                                                              02/03/2020 19:17:35 PAGE 4   

 179          {0x00,0x30,0x08,0x88,0x88,0x48,0x30,0x00},
 180          {0x00,0x18,0x20,0x20,0x20,0x11,0x0E,0x00},/*"3",51*/
 181          
 182          {0x00,0x00,0xC0,0x20,0x10,0xF8,0x00,0x00},
 183          {0x00,0x07,0x04,0x24,0x24,0x3F,0x24,0x00},/*"4",52*/
 184          
 185          {0x00,0xF8,0x08,0x88,0x88,0x08,0x08,0x00},
 186          {0x00,0x19,0x21,0x20,0x20,0x11,0x0E,0x00},/*"5",53*/
 187          
 188          {0x00,0xE0,0x10,0x88,0x88,0x18,0x00,0x00},
 189          {0x00,0x0F,0x11,0x20,0x20,0x11,0x0E,0x00},/*"6",54*/
 190          
 191          {0x00,0x38,0x08,0x08,0xC8,0x38,0x08,0x00},
 192          {0x00,0x00,0x00,0x3F,0x00,0x00,0x00,0x00},/*"7",55*/
 193          
 194          {0x00,0x70,0x88,0x08,0x08,0x88,0x70,0x00},
 195          {0x00,0x1C,0x22,0x21,0x21,0x22,0x1C,0x00},/*"8",56*/
 196          
 197          {0x00,0xE0,0x10,0x08,0x08,0x10,0xE0,0x00},
 198          {0x00,0x00,0x31,0x22,0x22,0x11,0x0F,0x00},/*"9",57*/
 199          
 200          {0x00,0x00,0x00,0x60,0x60,0x00,0x00,0x00},
 201          {0x00,0x00,0x00,0x18,0x18,0x00,0x00,0x00},/*":",58*/
 202          
 203          {0x00,0x00,0x00,0x80,0x00,0x00,0x00,0x00},
 204          {0x00,0x00,0x80,0x60,0x00,0x00,0x00,0x00},/*";",59*/
 205          
 206          {0x00,0x00,0x80,0x40,0x20,0x10,0x08,0x00},
 207          {0x00,0x01,0x02,0x04,0x08,0x10,0x20,0x00},/*"<",60*/
 208          
 209          {0x40,0x40,0x40,0x40,0x40,0x40,0x40,0x00},
 210          {0x04,0x04,0x04,0x04,0x04,0x04,0x04,0x00},/*"=",61*/
 211          
 212          {0x00,0x08,0x10,0x20,0x40,0x80,0x00,0x00},
 213          {0x00,0x20,0x10,0x08,0x04,0x02,0x01,0x00},/*">",62*/
 214          
 215          {0x00,0x70,0x48,0x08,0x08,0x08,0xF0,0x00},
 216          {0x00,0x00,0x00,0x30,0x36,0x01,0x00,0x00},/*"?",63*/
 217          
 218          {0xC0,0x30,0xC8,0x28,0xE8,0x10,0xE0,0x00},
 219          {0x07,0x18,0x27,0x24,0x23,0x14,0x0B,0x00},/*"@",64*/
 220          
 221          {0x00,0x00,0xC0,0x38,0xE0,0x00,0x00,0x00},
 222          {0x20,0x3C,0x23,0x02,0x02,0x27,0x38,0x20},/*"A",65*/
 223          
 224          {0x08,0xF8,0x88,0x88,0x88,0x70,0x00,0x00},
 225          {0x20,0x3F,0x20,0x20,0x20,0x11,0x0E,0x00},/*"B",66*/
 226          
 227          {0xC0,0x30,0x08,0x08,0x08,0x08,0x38,0x00},
 228          {0x07,0x18,0x20,0x20,0x20,0x10,0x08,0x00},/*"C",67*/
 229          
 230          {0x08,0xF8,0x08,0x08,0x08,0x10,0xE0,0x00},
 231          {0x20,0x3F,0x20,0x20,0x20,0x10,0x0F,0x00},/*"D",68*/
 232          
 233          {0x08,0xF8,0x88,0x88,0xE8,0x08,0x10,0x00},
 234          {0x20,0x3F,0x20,0x20,0x23,0x20,0x18,0x00},/*"E",69*/
 235          
 236          {0x08,0xF8,0x88,0x88,0xE8,0x08,0x10,0x00},
 237          {0x20,0x3F,0x20,0x00,0x03,0x00,0x00,0x00},/*"F",70*/
 238          
 239          {0xC0,0x30,0x08,0x08,0x08,0x38,0x00,0x00},
 240          {0x07,0x18,0x20,0x20,0x22,0x1E,0x02,0x00},/*"G",71*/
C51 COMPILER V9.60.0.0   FONT                                                              02/03/2020 19:17:35 PAGE 5   

 241          
 242          {0x08,0xF8,0x08,0x00,0x00,0x08,0xF8,0x08},
 243          {0x20,0x3F,0x21,0x01,0x01,0x21,0x3F,0x20},/*"H",72*/
 244          
 245          {0x00,0x08,0x08,0xF8,0x08,0x08,0x00,0x00},
 246          {0x00,0x20,0x20,0x3F,0x20,0x20,0x00,0x00},/*"I",73*/
 247          
 248          {0x00,0x00,0x08,0x08,0xF8,0x08,0x08,0x00},
 249          {0xC0,0x80,0x80,0x80,0x7F,0x00,0x00,0x00},/*"J",74*/
 250          
 251          {0x08,0xF8,0x88,0xC0,0x28,0x18,0x08,0x00},
 252          {0x20,0x3F,0x20,0x01,0x26,0x38,0x20,0x00},/*"K",75*/
 253          
 254          {0x08,0xF8,0x08,0x00,0x00,0x00,0x00,0x00},
 255          {0x20,0x3F,0x20,0x20,0x20,0x20,0x30,0x00},/*"L",76*/
 256          
 257          {0x08,0xF8,0xF8,0x00,0xF8,0xF8,0x08,0x00},
 258          {0x20,0x3F,0x00,0x3F,0x00,0x3F,0x20,0x00},/*"M",77*/
 259          
 260          {0x08,0xF8,0x30,0xC0,0x00,0x08,0xF8,0x08},
 261          {0x20,0x3F,0x20,0x00,0x07,0x18,0x3F,0x00},/*"N",78*/
 262          
 263          {0xE0,0x10,0x08,0x08,0x08,0x10,0xE0,0x00},
 264          {0x0F,0x10,0x20,0x20,0x20,0x10,0x0F,0x00},/*"O",79*/
 265          
 266          {0x08,0xF8,0x08,0x08,0x08,0x08,0xF0,0x00},
 267          {0x20,0x3F,0x21,0x01,0x01,0x01,0x00,0x00},/*"P",80*/
 268          
 269          {0xE0,0x10,0x08,0x08,0x08,0x10,0xE0,0x00},
 270          {0x0F,0x18,0x24,0x24,0x38,0x50,0x4F,0x00},/*"Q",81*/
 271          
 272          {0x08,0xF8,0x88,0x88,0x88,0x88,0x70,0x00},
 273          {0x20,0x3F,0x20,0x00,0x03,0x0C,0x30,0x20},/*"R",82*/
 274          
 275          {0x00,0x70,0x88,0x08,0x08,0x08,0x38,0x00},
 276          {0x00,0x38,0x20,0x21,0x21,0x22,0x1C,0x00},/*"S",83*/
 277          
 278          {0x18,0x08,0x08,0xF8,0x08,0x08,0x18,0x00},
 279          {0x00,0x00,0x20,0x3F,0x20,0x00,0x00,0x00},/*"T",84*/
 280          
 281          {0x08,0xF8,0x08,0x00,0x00,0x08,0xF8,0x08},
 282          {0x00,0x1F,0x20,0x20,0x20,0x20,0x1F,0x00},/*"U",85*/
 283          
 284          {0x08,0x78,0x88,0x00,0x00,0xC8,0x38,0x08},
 285          {0x00,0x00,0x07,0x38,0x0E,0x01,0x00,0x00},/*"V",86*/
 286          
 287          {0xF8,0x08,0x00,0xF8,0x00,0x08,0xF8,0x00},
 288          {0x03,0x3C,0x07,0x00,0x07,0x3C,0x03,0x00},/*"W",87*/
 289          
 290          {0x08,0x18,0x68,0x80,0x80,0x68,0x18,0x08},
 291          {0x20,0x30,0x2C,0x03,0x03,0x2C,0x30,0x20},/*"X",88*/
 292          
 293          {0x08,0x38,0xC8,0x00,0xC8,0x38,0x08,0x00},
 294          {0x00,0x00,0x20,0x3F,0x20,0x00,0x00,0x00},/*"Y",89*/
 295          
 296          {0x10,0x08,0x08,0x08,0xC8,0x38,0x08,0x00},
 297          {0x20,0x38,0x26,0x21,0x20,0x20,0x18,0x00},/*"Z",90*/
 298          
 299          {0x00,0x00,0x00,0xFE,0x02,0x02,0x02,0x00},
 300          {0x00,0x00,0x00,0x7F,0x40,0x40,0x40,0x00},/*"[",91*/
 301          
 302          {0x00,0x0C,0x30,0xC0,0x00,0x00,0x00,0x00},
C51 COMPILER V9.60.0.0   FONT                                                              02/03/2020 19:17:35 PAGE 6   

 303          {0x00,0x00,0x00,0x01,0x06,0x38,0xC0,0x00},/*"\",92*/
 304          
 305          {0x00,0x02,0x02,0x02,0xFE,0x00,0x00,0x00},
 306          {0x00,0x40,0x40,0x40,0x7F,0x00,0x00,0x00},/*"]",93*/
 307          
 308          {0x00,0x00,0x04,0x02,0x02,0x02,0x04,0x00},
 309          {0x00,0x00,0x00,0x00,0x00,0x00,0x00,0x00},/*"^",94*/
 310          
 311          {0x00,0x00,0x00,0x00,0x00,0x00,0x00,0x00},
 312          {0x80,0x80,0x80,0x80,0x80,0x80,0x80,0x80},/*"_",95*/
 313          
 314          {0x00,0x02,0x02,0x04,0x00,0x00,0x00,0x00},
 315          {0x00,0x00,0x00,0x00,0x00,0x00,0x00,0x00},/*"`",96*/
 316          
 317          {0x00,0x00,0x80,0x80,0x80,0x80,0x00,0x00},
 318          {0x00,0x19,0x24,0x22,0x22,0x22,0x3F,0x20},/*"a",97*/
 319          
 320          {0x08,0xF8,0x00,0x80,0x80,0x00,0x00,0x00},
 321          {0x00,0x3F,0x11,0x20,0x20,0x11,0x0E,0x00},/*"b",98*/
 322          
 323          {0x00,0x00,0x00,0x80,0x80,0x80,0x00,0x00},
 324          {0x00,0x0E,0x11,0x20,0x20,0x20,0x11,0x00},/*"c",99*/
 325          
 326          {0x00,0x00,0x00,0x80,0x80,0x88,0xF8,0x00},
 327          {0x00,0x0E,0x11,0x20,0x20,0x10,0x3F,0x20},/*"d",100*/
 328          
 329          {0x00,0x00,0x80,0x80,0x80,0x80,0x00,0x00},
 330          {0x00,0x1F,0x22,0x22,0x22,0x22,0x13,0x00},/*"e",101*/
 331          
 332          {0x00,0x80,0x80,0xF0,0x88,0x88,0x88,0x18},
 333          {0x00,0x20,0x20,0x3F,0x20,0x20,0x00,0x00},/*"f",102*/
 334          
 335          {0x00,0x00,0x80,0x80,0x80,0x80,0x80,0x00},
 336          {0x00,0x6B,0x94,0x94,0x94,0x93,0x60,0x00},/*"g",103*/
 337          
 338          {0x08,0xF8,0x00,0x80,0x80,0x80,0x00,0x00},
 339          {0x20,0x3F,0x21,0x00,0x00,0x20,0x3F,0x20},/*"h",104*/
 340          
 341          {0x00,0x80,0x98,0x98,0x00,0x00,0x00,0x00},
 342          {0x00,0x20,0x20,0x3F,0x20,0x20,0x00,0x00},/*"i",105*/
 343          
 344          {0x00,0x00,0x00,0x80,0x98,0x98,0x00,0x00},
 345          {0x00,0xC0,0x80,0x80,0x80,0x7F,0x00,0x00},/*"j",106*/
 346          
 347          {0x08,0xF8,0x00,0x00,0x80,0x80,0x80,0x00},
 348          {0x20,0x3F,0x24,0x02,0x2D,0x30,0x20,0x00},/*"k",107*/
 349          
 350          {0x00,0x08,0x08,0xF8,0x00,0x00,0x00,0x00},
 351          {0x00,0x20,0x20,0x3F,0x20,0x20,0x00,0x00},/*"l",108*/
 352          
 353          {0x80,0x80,0x80,0x80,0x80,0x80,0x80,0x00},
 354          {0x20,0x3F,0x20,0x00,0x3F,0x20,0x00,0x3F},/*"m",109*/
 355          
 356          {0x80,0x80,0x00,0x80,0x80,0x80,0x00,0x00},
 357          {0x20,0x3F,0x21,0x00,0x00,0x20,0x3F,0x20},/*"n",110*/
 358          
 359          {0x00,0x00,0x80,0x80,0x80,0x80,0x00,0x00},
 360          {0x00,0x1F,0x20,0x20,0x20,0x20,0x1F,0x00},/*"o",111*/
 361          
 362          {0x80,0x80,0x00,0x80,0x80,0x00,0x00,0x00},
 363          {0x80,0xFF,0xA1,0x20,0x20,0x11,0x0E,0x00},/*"p",112*/
 364          
C51 COMPILER V9.60.0.0   FONT                                                              02/03/2020 19:17:35 PAGE 7   

 365          {0x00,0x00,0x00,0x80,0x80,0x80,0x80,0x00},
 366          {0x00,0x0E,0x11,0x20,0x20,0xA0,0xFF,0x80},/*"q",113*/
 367          
 368          {0x80,0x80,0x80,0x00,0x80,0x80,0x80,0x00},
 369          {0x20,0x20,0x3F,0x21,0x20,0x00,0x01,0x00},/*"r",114*/
 370          
 371          {0x00,0x00,0x80,0x80,0x80,0x80,0x80,0x00},
 372          {0x00,0x33,0x24,0x24,0x24,0x24,0x19,0x00},/*"s",115*/
 373          
 374          {0x00,0x80,0x80,0xE0,0x80,0x80,0x00,0x00},
 375          {0x00,0x00,0x00,0x1F,0x20,0x20,0x00,0x00},/*"t",116*/
 376          
 377          {0x80,0x80,0x00,0x00,0x00,0x80,0x80,0x00},
 378          {0x00,0x1F,0x20,0x20,0x20,0x10,0x3F,0x20},/*"u",117*/
 379          
 380          {0x80,0x80,0x80,0x00,0x00,0x80,0x80,0x80},
 381          {0x00,0x01,0x0E,0x30,0x08,0x06,0x01,0x00},/*"v",118*/
 382          
 383          {0x80,0x80,0x00,0x80,0x00,0x80,0x80,0x80},
 384          {0x0F,0x30,0x0C,0x03,0x0C,0x30,0x0F,0x00},/*"w",119*/
 385          
 386          {0x00,0x80,0x80,0x00,0x80,0x80,0x80,0x00},
 387          {0x00,0x20,0x31,0x2E,0x0E,0x31,0x20,0x00},/*"x",120*/
 388          
 389          {0x80,0x80,0x80,0x00,0x00,0x80,0x80,0x80},
 390          {0x80,0x81,0x8E,0x70,0x18,0x06,0x01,0x00},/*"y",121*/
 391          
 392          {0x00,0x80,0x80,0x80,0x80,0x80,0x80,0x00},
 393          {0x00,0x21,0x30,0x2C,0x22,0x21,0x30,0x00},/*"z",122*/
 394          
 395          {0x00,0x00,0x00,0x00,0x80,0x7C,0x02,0x02},
 396          {0x00,0x00,0x00,0x00,0x00,0x3F,0x40,0x40},/*"{",123*/
 397          
 398          {0x00,0x00,0x00,0x00,0xFF,0x00,0x00,0x00},
 399          {0x00,0x00,0x00,0x00,0xFF,0x00,0x00,0x00},/*"|",124*/
 400          
 401          {0x00,0x02,0x02,0x7C,0x80,0x00,0x00,0x00},
 402          {0x00,0x40,0x40,0x3F,0x00,0x00,0x00,0x00},/*"}",125*/
 403          
 404          {0x00,0x06,0x01,0x01,0x02,0x02,0x04,0x04},
 405          {0x00,0x00,0x00,0x00,0x00,0x00,0x00,0x00} /*"~",126*/
 406          
 407          };
 408          
 409          
 410          
 411          
 412          
 413          
 414          
 415          
 416          /******************************************************************************/
 417          /* Logo图标 64x32 点阵                                                        */
 418          /******************************************************************************/
 419          uchar code Logo[]={
 420          /*--  调入了一幅图像：C:\Documents and Settings\Administrator\桌面\新公司缩写3.bmp  --*/
 421          /*--  宽度x高度=64x31  --*/
 422          /*--  宽度不是8的倍数，现调整为：宽度x高度=64x32  --*/
 423          0x00,0x00,0x00,0x00,0x00,0x00,0x00,0x00,0x00,0x00,0x80,0xC0,0xE0,0xE0,0x70,0x70,
 424          0x38,0x38,0x18,0x1C,0x1C,0x1C,0x1C,0x0C,0x0C,0x0E,0x0E,0xCE,0xCE,0xEE,0xFE,0xFE,
 425          0xFE,0xFE,0x7E,0x3E,0x3E,0x1E,0x1E,0x9E,0x9E,0x86,0x80,0xC0,0xC0,0xC0,0xC0,0x00,
 426          0x00,0x00,0x00,0x00,0x00,0x00,0x00,0x00,0x00,0x00,0x80,0xF0,0xF0,0xF0,0xF0,0xF0,
C51 COMPILER V9.60.0.0   FONT                                                              02/03/2020 19:17:35 PAGE 8   

 427          0x00,0x00,0x00,0x00,0xE0,0xF0,0xFC,0x1E,0x0F,0x07,0x03,0x01,0x00,0x00,0x00,0x00,
 428          0x00,0x00,0x00,0x00,0x00,0xC0,0xE0,0x78,0x9C,0xFE,0xFF,0xFF,0xFF,0xFF,0x3F,0x1E,
 429          0x0F,0x0F,0x0F,0xCF,0xEF,0xF7,0xFF,0xFF,0x7F,0x1F,0x0F,0x03,0x01,0x00,0x00,0x00,
 430          0x00,0x00,0x00,0x00,0x00,0x00,0x80,0xE0,0xF0,0xFC,0x7F,0x3F,0x0F,0x07,0x01,0x00,
 431          0x00,0x00,0x00,0x00,0x0F,0x1F,0x3F,0x70,0x70,0x70,0x70,0x70,0x70,0x70,0x70,0x38,
 432          0x38,0x00,0x00,0x80,0xC0,0xE0,0xF0,0xFF,0x7F,0x3F,0x1F,0x0F,0x07,0x03,0x80,0xE0,
 433          0xF8,0xFE,0xFF,0xFF,0xFB,0xFF,0xFF,0xE3,0x80,0x00,0x00,0x00,0x00,0x80,0xC0,0xC0,
 434          0xE0,0x70,0x38,0x1C,0x0E,0x07,0x07,0x03,0x01,0x00,0x00,0x00,0x00,0x00,0x00,0x00,
 435          0x13,0x37,0x3E,0x3E,0x3C,0x7C,0x7C,0x7C,0x7C,0x3C,0x3C,0x3C,0x3C,0x3C,0x1C,0x1E,
 436          0x1E,0x0F,0x0F,0x07,0x07,0x03,0x01,0x00,0x00,0x00,0x00,0x00,0x00,0x00,0x3F,0x7F,
 437          0x7F,0x7F,0x7F,0x7F,0x3F,0x3F,0x3F,0x1F,0x1F,0x0F,0x0E,0x07,0x07,0x03,0x01,0x00,
 438          0x00,0x00,0x00,0x00,0x00,0x00,0x00,0x00,0x00,0x00,0x00,0x00,0x00,0x00,0x00,0x00
 439          };
 440          
 441          
 442          
 443          
 444          
 445          
 446          
 447          /******************************************************************************/
 448          /* 6x8图标                                                                    */
 449          /******************************************************************************/
 450          uchar code YE[]={0x7F,0x7F,0x7F,0x7F,0x7F,0x7F};
 451          
 452          uchar code NO_f[]={0x7F,0x41,0x41,0x41,0x41,0x41};
 453          
 454          uchar code NO_m[]={0x41,0x41,0x41,0x41,0x41,0x41};
 455          
 456          uchar code NO_b[]={0x41,0x41,0x41,0x41,0x41,0x7F};
 457          
 458          uchar code Bar[]={0x00,0x00,0xFF,0xFF,0x00,0x00};/*"竖线"*/
 459          
 460          uchar code bat_f[3][6]={
 461          {0x3C,0x7E,0x42,0x42,0x42,0x42},/*"电池前半部，空",0*/
 462          {0x3C,0x7E,0x42,0x42,0x7E,0x7E},/*"电池前半部，半",0*/
 463          {0x3C,0x7E,0x7E,0x7E,0x7E,0x7E},/*"电池前半部，满",0*/
 464          };
 465          
 466          uchar code bat_b[3][6]={
 467          {0x42,0x42,0x42,0x42,0x7E,0x00},/*"电池后半部，空",0*/
 468          {0x42,0x42,0x7E,0x7E,0x7E,0x00},/*"电池后半部，半",0*/
 469          {0x7E,0x7E,0x7E,0x7E,0x7E,0x00},/*"电池后半部，满",0*/
 470          };
 471          
 472          
 473          
 474          
 475          
 476          
 477          /******************************************************************************/
 478          /* 8x16图标                                                                   */
 479          /******************************************************************************/
 480          
 481          //uchar code YE[]={
 482          ///*--  文字:  O  --*/
 483          ///*--  @黑体12;  此字体下对应的点阵为：宽x高=9x16   --*/
 484          //0xFF,0x01,0xFD,0xFD,0xFD,0xFD,0xFD,0x01,0xFF,0xFF,0x80,0xBF,0xBF,0xBF,0xBF,0xBF,
 485          //0x80,0xFF
 486          //};
 487          //
 488          //uchar code NO[]={
C51 COMPILER V9.60.0.0   FONT                                                              02/03/2020 19:17:35 PAGE 9   

 489          ///*--  文字:  O  --*/
 490          ///*--  @黑体12;  此字体下对应的点阵为：宽x高=9x16   --*/
 491          //0xFF,0x07,0x19,0x61,0x81,0x61,0x19,0x07,0xFF,0xFF,0xE0,0x98,0x86,0x81,0x86,0x98,
 492          //0xE0,0xFF
 493          //};
 494          
 495          
 496          //uchar code battery1[]={  //尾部，实心
 497          ///*--  文字:  O  --*/
 498          ///*--  @黑体12;  此字体下对应的点阵为：宽x高=9x16   --*/
 499          //0xFF,0x01,0xFD,0xFD,0xFD,0xFD,0xFD,0xFD,0xFD,
 500          //0x7F,0x40,0x5F,0x5F,0x5F,0x5F,0x5F,0x5F,0x5F
 501          //};
 502          //
 503          //uchar code battery2[]={  //中部，实心
 504          ///*--  文字:  O  --*/
 505          ///*--  @黑体12;  此字体下对应的点阵为：宽x高=9x16   --*/
 506          //0xFD,0xFD,0xFD,0xFD,0xFD,0xFD,0xFD,0xFD,0xFD,
 507          //0x5F,0x5F,0x5F,0x5F,0x5F,0x5F,0x5F,0x5F,0x5F
 508          //};
 509          //
 510          //uchar code battery3[]={  //头部，实心
 511          ///*--  文字:  O  --*/
 512          ///*--  @黑体12;  此字体下对应的点阵为：宽x高=9x16   --*/
 513          //0xFD,0xFD,0xFD,0xFD,0xFD,0x01,0xFF,0xe0,0xe0,
 514          //0x5F,0x5F,0x5F,0x5F,0x5F,0x40,0x7F,0x03,0x03
 515          //};
 516          
 517          
 518          
 519          
 520          
 521          
 522          
 523          
 524          
 525          
 526          
 527          /******************************************************************************/
 528          /* 32x32图标                                                                  */
 529          /******************************************************************************/
 530          
 531          uchar code SETICO[8][128]={
 532          /*--  调入了一幅图像：D:\08.素材\32X32图标\music4.ico  --*/
 533          /*--  宽度x高度=32x32  --*/
 534          0x00,0x00,0x00,0x00,0x00,0x00,0x00,0x00,0x00,0x00,0x00,0x80,0xC0,0xC0,0xC0,0xE0,
 535          0xE0,0xE0,0xF0,0xF0,0xF0,0xF8,0xF8,0xF8,0xF8,0xF8,0xF8,0x00,0x00,0x00,0x00,0x00,
 536          0x00,0x00,0x00,0x00,0x00,0x00,0x00,0x00,0x00,0x00,0x00,0xFF,0xFF,0x7F,0x1F,0x1F,
 537          0x1F,0x0F,0x0F,0x0F,0x0F,0x07,0x07,0x07,0x07,0xFF,0xFF,0x00,0x00,0x00,0x00,0x00,
 538          0x00,0x00,0x00,0x00,0xC0,0xC0,0xE0,0xE0,0xE0,0xE0,0xE0,0xFF,0xFF,0x00,0x00,0x00,
 539          0x00,0xF0,0xF8,0xFC,0xFC,0xFC,0xFC,0xFC,0xFC,0xFF,0xFF,0x00,0x00,0x00,0x00,0x00,
 540          0x00,0x00,0x00,0x0F,0x1F,0x1F,0x1F,0x1F,0x1F,0x1F,0x1F,0x0F,0x07,0x00,0x00,0x00,
 541          0x00,0x01,0x03,0x03,0x03,0x03,0x03,0x03,0x03,0x01,0x00,0x00,0x00,0x00,0x00,0x00,
 542          
 543          
 544          /*--  调入了一幅图像：C:\Documents and Settings\Administrator\桌面\@.ico  --*/
 545          /*--  宽度x高度=32x32  --*/
 546          0x00,0x00,0x80,0xC0,0xE0,0xF0,0xF8,0x78,0x3C,0x3C,0x1E,0x1E,0x0E,0x0E,0x8F,0x8F,
 547          0x8F,0x8F,0x8F,0x0F,0x0F,0x0E,0x0E,0x1E,0x1E,0x3C,0x7C,0xF8,0xF0,0xE0,0xC0,0x00,
 548          0xF8,0xFF,0xFF,0x7F,0x07,0x01,0x00,0x00,0xE0,0xF8,0xFC,0xFE,0x7F,0x1F,0x0F,0x07,
 549          0x03,0x03,0x07,0xCF,0xFE,0xFF,0xFF,0x7F,0x0F,0x00,0x00,0x00,0x03,0xFF,0xFF,0xFF,
 550          0x3F,0xFF,0xFF,0xF8,0xC0,0x80,0x00,0x00,0x1F,0x7F,0xFF,0xFF,0xF8,0xE0,0xE0,0xE0,
C51 COMPILER V9.60.0.0   FONT                                                              02/03/2020 19:17:35 PAGE 10  

 551          0xF0,0x78,0x7E,0x7F,0xFF,0xFF,0xF7,0xE0,0xE0,0xF0,0xF8,0x7C,0x3F,0x1F,0x0F,0x03,
 552          0x00,0x00,0x03,0x07,0x0F,0x1F,0x1E,0x3E,0x3C,0x78,0x78,0x70,0xF0,0xF0,0xF0,0xF0,
 553          0xF0,0xF0,0xF0,0xF0,0x70,0x70,0x78,0x78,0x38,0x3C,0x1E,0x1E,0x0E,0x0C,0x00,0x00,
 554          
 555          
 556          /*--  调入了一幅图像：D:\08.素材\32X32图标\reddit.ico  --*/
 557          /*--  宽度x高度=32x32  --*/
 558          0x00,0x00,0x00,0x00,0x00,0x00,0x00,0x00,0x00,0x00,0x00,0x00,0x00,0x00,0x00,0x00,
 559          0xC0,0xF8,0x38,0x18,0x18,0x18,0x30,0x30,0xF8,0xFC,0x8C,0x8C,0xFC,0xF8,0x00,0x00,
 560          0xE0,0xF0,0x30,0xF0,0xF0,0x70,0x70,0x30,0x18,0x18,0x1C,0x0C,0x0C,0x0C,0x0C,0x0E,
 561          0x0F,0x0F,0x0C,0x0C,0x0C,0x18,0x18,0x18,0x30,0x71,0x71,0xF1,0xF1,0x30,0xF0,0xE0,
 562          0x03,0x3F,0xFF,0xE3,0x81,0x00,0x00,0x00,0x00,0x0F,0x9F,0x9F,0x8F,0x06,0x00,0x00,
 563          0x00,0x00,0x06,0x8F,0x9F,0x9F,0x0F,0x00,0x00,0x00,0x00,0x81,0xE3,0xFF,0x3F,0x03,
 564          0x00,0x00,0x00,0x01,0x03,0x07,0x0E,0x0C,0x1C,0x18,0x19,0x19,0x33,0x33,0x33,0x33,
 565          0x33,0x33,0x33,0x33,0x19,0x19,0x18,0x1C,0x0C,0x0E,0x07,0x03,0x01,0x00,0x00,0x00,
 566          
 567          
 568          /*--  调入了一幅图像：C:\Documents and Settings\Administrator\桌面\googleplus.ico  --*/
 569          /*--  宽度x高度=32x32  --*/
 570          0x00,0x00,0xC0,0xE0,0xF0,0xF8,0x38,0x18,0x18,0x18,0x38,0xF8,0xF8,0xF8,0xF8,0xD8,
 571          0x18,0x08,0x00,0x00,0x00,0x00,0x00,0x00,0x00,0xF8,0xF8,0x00,0x00,0x00,0x00,0x00,
 572          0x00,0x02,0x1F,0x3F,0x7F,0xFE,0xF0,0xE0,0xC0,0xC0,0xC0,0xE0,0xFF,0x7F,0x3F,0x1F,
 573          0x00,0x00,0x00,0x00,0x03,0x03,0x03,0x03,0x03,0x7F,0x7F,0x03,0x03,0x03,0x03,0x03,
 574          0x80,0xC0,0xE0,0xF0,0x70,0x38,0x38,0x18,0x1F,0x1F,0x1F,0x1F,0x3F,0x7C,0xF8,0xF8,
 575          0xE0,0x00,0x00,0x00,0x00,0x00,0x00,0x00,0x00,0x00,0x00,0x00,0x00,0x00,0x00,0x00,
 576          0x0F,0x1F,0x3F,0x3F,0x78,0x70,0x70,0x70,0x60,0x70,0x70,0x70,0x70,0x38,0x3F,0x1F,
 577          0x0F,0x00,0x00,0x00,0x00,0x00,0x00,0x00,0x00,0x00,0x00,0x00,0x00,0x00,0x00,0x00,
 578          
 579          
 580          /*--  调入了一幅图像：D:\08.素材\32X32图标\yahoo.ico  --*/
 581          /*--  宽度x高度=32x32  --*/
 582          0xC0,0xC0,0xC0,0xC0,0xC0,0xC0,0xC0,0xC0,0xC0,0xC0,0xC0,0xC0,0xC0,0xC0,0xC0,0x00,
 583          0x00,0x00,0x00,0x00,0x00,0x00,0x00,0x00,0x00,0x00,0x00,0x00,0x00,0x00,0x00,0x00,
 584          0x01,0x01,0x01,0x01,0x01,0x03,0x0F,0x1F,0x3F,0x7F,0xFF,0xFD,0xF9,0xF1,0xC1,0x80,
 585          0x80,0xC2,0xE6,0xF6,0xFE,0x7E,0x3E,0x1E,0x1E,0x0E,0x06,0xE6,0xE6,0xE6,0xE0,0xE0,
 586          0x00,0x00,0x00,0x00,0x00,0x00,0x00,0x00,0x00,0x00,0x00,0x83,0xFF,0xFF,0xFF,0xFF,
 587          0xFF,0xFF,0x03,0x01,0x00,0x00,0x00,0x00,0x00,0x00,0x00,0xBF,0xBF,0xBF,0x1F,0x01,
 588          0x00,0x00,0x00,0x00,0x00,0x00,0x00,0x00,0x03,0x03,0x03,0x03,0x03,0x03,0x03,0x03,
 589          0x03,0x03,0x03,0x03,0x03,0x03,0x00,0x00,0x00,0x00,0x00,0x03,0x03,0x03,0x00,0x00,
 590          
 591          
 592          /*--  调入了一幅图像：C:\Documents and Settings\Administrator\桌面\f18a.ico  --*/
 593          /*--  宽度x高度=32x32  --*/
 594          0x00,0x00,0x00,0x00,0x00,0x00,0x00,0x00,0x00,0x00,0x00,0x00,0x80,0x80,0x80,0x00,
 595          0x00,0x00,0x00,0x00,0x30,0x30,0x30,0x30,0x30,0x60,0xE0,0xC0,0x80,0x00,0x00,0x00,
 596          0x00,0x00,0x00,0xC0,0xE0,0xF0,0xF8,0x7C,0x7E,0x3E,0x3F,0x3F,0x3F,0x3F,0x3F,0x3F,
 597          0x30,0x38,0x78,0xF8,0xF8,0xF3,0xE3,0x07,0x3E,0x3C,0x00,0x01,0xFF,0x7F,0x00,0x00,
 598          0x00,0x3C,0x7F,0xFF,0xE3,0xC1,0x80,0x38,0x7C,0x46,0xC6,0xCF,0xFF,0xF3,0x7F,0x7E,
 599          0x3C,0x00,0x80,0x80,0xC1,0xE3,0xFF,0xFF,0xFF,0x7F,0x1E,0x00,0x00,0x00,0x00,0x00,
 600          0x00,0x00,0x00,0x01,0x01,0x03,0x03,0x07,0x07,0x06,0x0E,0x0E,0x0E,0x0E,0x0E,0x0E,
 601          0x0E,0x0F,0x07,0x07,0x07,0x03,0x03,0x01,0x00,0x00,0x00,0x00,0x00,0x00,0x00,0x00,
 602          
 603          
 604          /*--  调入了一幅图像：C:\Documents and Settings\Administrator\桌面\太极阴阳.bmp  --*/
 605          /*--  宽度x高度=32x32  --*/
 606          0x00,0x00,0x00,0x00,0x00,0x80,0xC0,0xE0,0xE0,0xF0,0xF0,0xF8,0xF8,0xF8,0xFC,0x7C,
 607          0x7C,0xFC,0xF8,0xF8,0xF8,0xB0,0x70,0x60,0xE0,0xC0,0x80,0x00,0x00,0x00,0x00,0x00,
 608          0x00,0x00,0xC0,0xF8,0xFE,0xFF,0xFF,0xFF,0xFF,0xFF,0xFF,0xFF,0xFF,0xFF,0xFC,0xF8,
 609          0xF8,0xFC,0xFF,0xFF,0x7F,0x3F,0x0E,0x00,0x00,0x01,0x07,0x3E,0xF8,0xC0,0x00,0x00,
 610          0x00,0x00,0x03,0x1F,0x7F,0xFF,0xFF,0xFF,0xFF,0xFF,0x9F,0x07,0x03,0x01,0x61,0xF1,
 611          0xF0,0x60,0x00,0x00,0x00,0x00,0x00,0x00,0x00,0xC0,0xE0,0x7E,0x1F,0x03,0x00,0x00,
 612          0x00,0x00,0x00,0x00,0x00,0x01,0x03,0x07,0x07,0x0F,0x0F,0x1E,0x1C,0x18,0x38,0x30,
C51 COMPILER V9.60.0.0   FONT                                                              02/03/2020 19:17:35 PAGE 11  

 613          0x30,0x30,0x18,0x18,0x18,0x0C,0x0E,0x06,0x07,0x03,0x01,0x00,0x00,0x00,0x00,0x00,
 614          
 615          
 616          /*--  调入了一幅图像：D:\08.素材\32X32图标\happy.ico  --*/
 617          /*--  宽度x高度=32x32  --*/
 618          0x00,0x00,0x00,0x00,0x00,0x80,0xC0,0xE0,0xE0,0xF0,0xF0,0x78,0x38,0x38,0x38,0x38,
 619          0x38,0x38,0x38,0x38,0x78,0xF0,0xF0,0xE0,0xE0,0xC0,0x80,0x00,0x00,0x00,0x00,0x00,
 620          0x00,0x00,0x00,0xF8,0xFE,0xFF,0x0F,0x07,0x01,0x00,0xF0,0xF0,0xF0,0xF0,0x00,0x00,
 621          0x00,0x00,0xF0,0xF0,0xF0,0xF0,0x00,0x01,0x07,0x0F,0xFF,0xFE,0xF8,0x00,0x00,0x00,
 622          0x00,0x00,0x00,0x1F,0x7F,0xFF,0xF0,0xE0,0x88,0x18,0x38,0x30,0x70,0x60,0x60,0x60,
 623          0x60,0x60,0x60,0x70,0x30,0x38,0x18,0x88,0xE0,0xF0,0xFF,0x7F,0x1F,0x00,0x00,0x00,
 624          0x00,0x00,0x00,0x00,0x00,0x01,0x03,0x07,0x07,0x0F,0x0F,0x1E,0x1C,0x1C,0x1C,0x1C,
 625          0x1C,0x1C,0x1C,0x1C,0x1E,0x0F,0x0F,0x07,0x07,0x03,0x01,0x00,0x00,0x00,0x00,0x00
 626          
 627          };


MODULE INFORMATION:   STATIC OVERLAYABLE
   CODE SIZE        =   ----    ----
   CONSTANT SIZE    =   3341    ----
   XDATA SIZE       =   ----    ----
   PDATA SIZE       =   ----    ----
   DATA SIZE        =   ----    ----
   IDATA SIZE       =   ----    ----
   BIT SIZE         =   ----    ----
END OF MODULE INFORMATION.


C51 COMPILATION COMPLETE.  0 WARNING(S),  0 ERROR(S)
