C51 COMPILER V9.60.0.0   RTC                                                               02/03/2020 19:17:34 PAGE 1   


C51 COMPILER V9.60.0.0, COMPILATION OF MODULE RTC
OBJECT MODULE PLACED IN ..\Output\rtc.obj
COMPILER INVOKED BY: D:\Keil_MDK\Keil_v5\C51\BIN\C51.EXE ..\User\rtc.c OPTIMIZE(8,SPEED) BROWSE INCDIR(..\User) DEBUG OB
                    -JECTEXTEND PRINT(..\Listing\rtc.lst) OBJECT(..\Output\rtc.obj)

line level    source

   1          /*******************************************************************************
   2          * Filename: rtc.c
   3          * Author  : Wu LianWei
   4          *******************************************************************************/
   5          #include<STC15F2K60S2.h>
   6          
   7          
   8          
   9          
  10          
  11          //--------------------------
  12          volatile bit T20msFlg;
  13          volatile bit T100msFlg;
  14          volatile bit T500msFlg;
  15          volatile bit T1sFlg;
  16          unsigned char idata T100msCnt;
  17          unsigned char idata T500msCnt;
  18          unsigned char idata T1sCnt;
  19          //--------------------------
  20          
  21          
  22          
  23          
  24          
  25          
  26          /***************************************
  27          函数: Timer0_cfg
  28          功能: Timer0配置 (使能中断)
  29          说明: 用作RTC时钟产生
  30          ***************************************/
  31          void Timer0_cfg(void)
  32          {
  33   1          //定时器0计数时钟,是系统时钟/12.
  34   1          TH0 = 0x63;
  35   1          TL0 = 0xc0;  //计数40000次溢出,定时20ms.
  36   1          TMOD |= 0x03;//定时器0工作在模式3,不可屏蔽中断的16位自动重装方式
  37   1          TR0 = 1;     //定时器0计数启动
  38   1          ET0 = 1;     //定时器0溢出中断使能
  39   1      }
  40          
  41          
  42          
  43          /***************************************
  44          函数: Timer0_isr
  45          功能: Timer0中断
  46          说明: 用作RTC时钟标志置位
  47          ***************************************/
  48          void Timer0_isr(void) interrupt 1
  49          {
  50   1          //定时器0溢出标志硬件清0.
  51   1          //20ms中断
  52   1          T20msFlg=1;
  53   1          if(++T100msCnt>=5)
  54   1          {
C51 COMPILER V9.60.0.0   RTC                                                               02/03/2020 19:17:34 PAGE 2   

  55   2              T100msCnt=0;
  56   2              T100msFlg=1;
  57   2              if(++T500msCnt>=5)
  58   2              {
  59   3                  T500msCnt=0;
  60   3                  T500msFlg=1;
  61   3                  if(++T1sCnt>=2)
  62   3                  {
  63   4                      T1sCnt=0;
  64   4                      T1sFlg=1;
  65   4                  }
  66   3              }
  67   2          }
  68   1      }


MODULE INFORMATION:   STATIC OVERLAYABLE
   CODE SIZE        =     80    ----
   CONSTANT SIZE    =   ----    ----
   XDATA SIZE       =   ----    ----
   PDATA SIZE       =   ----    ----
   DATA SIZE        =   ----    ----
   IDATA SIZE       =      3    ----
   BIT SIZE         =      4    ----
END OF MODULE INFORMATION.


C51 COMPILATION COMPLETE.  0 WARNING(S),  0 ERROR(S)
