C51 COMPILER V8.08   TRANSFORM_POINT                                                       11/25/2014 09:13:47 PAGE 1   


C51 COMPILER V8.08, COMPILATION OF MODULE TRANSFORM_POINT
OBJECT MODULE PLACED IN ..\Output\transform_point.obj
COMPILER INVOKED BY: C:\Program Files\Keil\C51\BIN\C51.EXE ..\User\transform_point.c BROWSE DEBUG OBJECTEXTEND PRINT(..\
                    -Listing\transform_point.lst) OBJECT(..\Output\transform_point.obj)

line level    source

   1          /*******************************************************************************
   2          * 文档: transform_point.c
   3          * 作者: Wu LianWei
   4          * 描述: 1.根据设定方式变换任意一个点
   5          *       2.基于3D图形变换算法
   6          *******************************************************************************/
   7          #include"public.h"
   8          #include"dis_graphics.h"
   9          #include"transform_3D.h"
  10          #include"projection.h"
  11          
  12          
  13          
  14          float xdata AngleX;
  15          float xdata AngleY;
  16          float xdata AngleZ;
  17          int xdata CenterX;
  18          int xdata CenterY;
  19          
  20          
  21          
  22          /***************************************
  23          函数: TransformPoint3D
  24          功能: 变换一个点的坐标
  25          说明: 1.fx,fy为点的初始坐标
  26                2.根据设定的方式变换该点的坐标,变换后显示该点
  27          ***************************************/
  28          void TransformPoint3D( int fx, int fy )
  29          {
  30   1          float xdata gmat[4][4];
  31   1          _3D xdata Point0;
  32   1          _3D xdata Point1;
  33   1          _2D xdata PointDis;
  34   1          //---------------------
  35   1          Point0.x = fx;
  36   1          Point0.y = fy;
  37   1          Point0.z = 0;
  38   1          //---------------------
  39   1          Identity_3D(gmat);
  40   1          Translate_3D(gmat,-16,-16,-16);
  41   1          Rotate_3D(gmat,AngleX,AngleY,AngleZ);
  42   1          Translate_3D(gmat,0,0,32);
  43   1          //---------------------
  44   1          XOrigin = CenterX;
  45   1          YOrigin = CenterY;
  46   1          //---------------------
  47   1          Point1 = VEC_MultMatrix(Point0,gmat);
  48   1          PointDis = PerProject(Point1);
  49   1          //---------------------
  50   1          DisDot(PointDis.y,PointDis.x);
  51   1      }


MODULE INFORMATION:   STATIC OVERLAYABLE
C51 COMPILER V8.08   TRANSFORM_POINT                                                       11/25/2014 09:13:47 PAGE 2   

   CODE SIZE        =    284    ----
   CONSTANT SIZE    =   ----    ----
   XDATA SIZE       =     16      92
   PDATA SIZE       =   ----    ----
   DATA SIZE        =   ----       2
   IDATA SIZE       =   ----    ----
   BIT SIZE         =   ----    ----
END OF MODULE INFORMATION.


C51 COMPILATION COMPLETE.  0 WARNING(S),  0 ERROR(S)
